<?xml version="1.0" encoding="UTF-8"?>
<testng-results ignored="0" total="1" passed="1" failed="0" skipped="0">
  <reporter-output>
  </reporter-output>
  <suite started-at="2020-08-18T19:53:02 IST" name="Default suite" finished-at="2020-08-18T19:53:30 IST" duration-ms="28377">
    <groups>
    </groups>
    <test started-at="2020-08-18T19:53:02 IST" name="Default test" finished-at="2020-08-18T19:53:30 IST" duration-ms="28377">
      <class name="Academy.TestDummy">
        <test-method is-config="true" signature="initialize()[pri:0, instance:Academy.TestDummy@5e3d57c7]" started-at="2020-08-18T19:53:02 IST" name="initialize" finished-at="2020-08-18T19:53:04 IST" duration-ms="1913" status="PASS">
          <reporter-output>
          </reporter-output>
        </test-method> <!-- initialize -->
        <test-method signature="open()[pri:0, instance:Academy.TestDummy@5e3d57c7]" started-at="2020-08-18T19:53:04 IST" name="open" finished-at="2020-08-18T19:53:30 IST" duration-ms="26371" status="PASS">
          <reporter-output>
          </reporter-output>
        </test-method> <!-- open -->
        <test-method is-config="true" signature="teardown()[pri:0, instance:Academy.TestDummy@5e3d57c7]" started-at="2020-08-18T19:53:30 IST" name="teardown" finished-at="2020-08-18T19:53:30 IST" duration-ms="54" status="PASS">
          <reporter-output>
          </reporter-output>
        </test-method> <!-- teardown -->
      </class> <!-- Academy.TestDummy -->
    </test> <!-- Default test -->
  </suite> <!-- Default suite -->
</testng-results>
